# JRE version: Java(TM) SE Runtime Environment (8.0-b119) (build 1.8.0-ea-b119)
# Java VM: Java HotSpot(TM) 64-Bit Server VM (25.0-b61 mixed mode windows-amd64 compressed oops)
Heap:
 PSYoungGen      total 1031168K, used 1030272K [0x000000076ae00000, 0x00000007a9e00000, 0x00000007c0000000)
  eden space 1030144K, 100% used [0x000000076ae00000,0x00000007a9c00000,0x00000007a9c00000)
  from space 1024K, 12% used [0x00000007a9d00000,0x00000007a9d20000,0x00000007a9e00000)
  to   space 1024K, 0% used [0x00000007a9d00000,0x00000007a9d00000,0x00000007a9e00000)
 ParOldGen       total 260608K, used 113773K [0x00000006c0a00000, 0x00000006d0880000, 0x000000076ae00000)
  object space 260608K, 43% used [0x00000006c0a00000,0x00000006c791b6f8,0x00000006d0880000)
 Metaspace       used 4013K, capacity 4704K, committed 4864K, reserved 1056768K
  class space    used 433K, capacity 464K, committed 512K, reserved 1048576K
GC Heap History (10 events):
Event: 4.217 GC heap before
{Heap before GC invocations=52 (full 0):
 PSYoungGen      total 854016K, used 851136K [0x000000076ae00000, 0x00000007a9e00000, 0x00000007c0000000)
  eden space 850944K, 100% used [0x000000076ae00000,0x000000079ed00000,0x000000079ed00000)
  from space 3072K, 6% used [0x000000079ed00000,0x000000079ed30000,0x000000079f000000)
  to   space 1024K, 0% used [0x00000007a9d00000,0x00000007a9d00000,0x00000007a9e00000)
 ParOldGen       total 260608K, used 113773K [0x00000006c0a00000, 0x00000006d0880000, 0x000000076ae00000)
  object space 260608K, 43% used [0x00000006c0a00000,0x00000006c791b6f8,0x00000006d0880000)
 Metaspace       used 4013K, capacity 4704K, committed 4864K, reserved 1056768K
  class space    used 433K, capacity 464K, committed 512K, reserved 1048576K
Event: 4.217 GC heap after
Heap after GC invocations=52 (full 0):
 PSYoungGen      total 1031168K, used 64K [0x000000076ae00000, 0x00000007a9e00000, 0x00000007c0000000)
  eden space 1030144K, 0% used [0x000000076ae00000,0x000000076ae00000,0x00000007a9c00000)
  from space 1024K, 6% used [0x00000007a9d00000,0x00000007a9d10000,0x00000007a9e00000)
  to   space 1024K, 0% used [0x00000007a9c00000,0x00000007a9c00000,0x00000007a9d00000)
 ParOldGen       total 260608K, used 113773K [0x00000006c0a00000, 0x00000006d0880000, 0x000000076ae00000)
  object space 260608K, 43% used [0x00000006c0a00000,0x00000006c791b6f8,0x00000006d0880000)
 Metaspace       used 4013K, capacity 4704K, committed 4864K, reserved 1056768K
  class space    used 433K, capacity 464K, committed 512K, reserved 1048576K
}
Event: 4.236 GC heap before
{Heap before GC invocations=53 (full 0):
 PSYoungGen      total 1031168K, used 1030208K [0x000000076ae00000, 0x00000007a9e00000, 0x00000007c0000000)
  eden space 1030144K, 100% used [0x000000076ae00000,0x00000007a9c00000,0x00000007a9c00000)
  from space 1024K, 6% used [0x00000007a9d00000,0x00000007a9d10000,0x00000007a9e00000)
  to   space 1024K, 0% used [0x00000007a9c00000,0x00000007a9c00000,0x00000007a9d00000)
 ParOldGen       total 260608K, used 113773K [0x00000006c0a00000, 0x00000006d0880000, 0x000000076ae00000)
  object space 260608K, 43% used [0x00000006c0a00000,0x00000006c791b6f8,0x00000006d0880000)
 Metaspace       used 4013K, capacity 4704K, committed 4864K, reserved 1056768K
  class space    used 433K, capacity 464K, committed 512K, reserved 1048576K
Event: 4.236 GC heap after
Heap after GC invocations=53 (full 0):
 PSYoungGen      total 1031168K, used 160K [0x000000076ae00000, 0x00000007a9e00000, 0x00000007c0000000)
  eden space 1030144K, 0% used [0x000000076ae00000,0x000000076ae00000,0x00000007a9c00000)
  from space 1024K, 15% used [0x00000007a9c00000,0x00000007a9c28000,0x00000007a9d00000)
  to   space 1024K, 0% used [0x00000007a9d00000,0x00000007a9d00000,0x00000007a9e00000)
 ParOldGen       total 260608K, used 113773K [0x00000006c0a00000, 0x00000006d0880000, 0x000000076ae00000)
  object space 260608K, 43% used [0x00000006c0a00000,0x00000006c791b6f8,0x00000006d0880000)
 Metaspace       used 4013K, capacity 4704K, committed 4864K, reserved 1056768K
  class space    used 433K, capacity 464K, committed 512K, reserved 1048576K
}
Event: 4.261 GC heap before
{Heap before GC invocations=54 (full 0):
 PSYoungGen      total 1031168K, used 1030304K [0x000000076ae00000, 0x00000007a9e00000, 0x00000007c0000000)
  eden space 1030144K, 100% used [0x000000076ae00000,0x00000007a9c00000,0x00000007a9c00000)
  from space 1024K, 15% used [0x00000007a9c00000,0x00000007a9c28000,0x00000007a9d00000)
  to   space 1024K, 0% used [0x00000007a9d00000,0x00000007a9d00000,0x00000007a9e00000)
 ParOldGen       total 260608K, used 113773K [0x00000006c0a00000, 0x00000006d0880000, 0x000000076ae00000)
  object space 260608K, 43% used [0x00000006c0a00000,0x00000006c791b6f8,0x00000006d0880000)
 Metaspace       used 4013K, capacity 4704K, committed 4864K, reserved 1056768K
  class space    used 433K, capacity 464K, committed 512K, reserved 1048576K
Event: 4.261 GC heap after
Heap after GC invocations=54 (full 0):
 PSYoungGen      total 1031168K, used 160K [0x000000076ae00000, 0x00000007a9e00000, 0x00000007c0000000)
  eden space 1030144K, 0% used [0x000000076ae00000,0x000000076ae00000,0x00000007a9c00000)
  from space 1024K, 15% used [0x00000007a9d00000,0x00000007a9d28000,0x00000007a9e00000)
  to   space 1024K, 0% used [0x00000007a9c00000,0x00000007a9c00000,0x00000007a9d00000)
 ParOldGen       total 260608K, used 113773K [0x00000006c0a00000, 0x00000006d0880000, 0x000000076ae00000)
  object space 260608K, 43% used [0x00000006c0a00000,0x00000006c791b6f8,0x00000006d0880000)
 Metaspace       used 4013K, capacity 4704K, committed 4864K, reserved 1056768K
  class space    used 433K, capacity 464K, committed 512K, reserved 1048576K
}
Event: 4.288 GC heap before
{Heap before GC invocations=55 (full 0):
 PSYoungGen      total 1031168K, used 1030304K [0x000000076ae00000, 0x00000007a9e00000, 0x00000007c0000000)
  eden space 1030144K, 100% used [0x000000076ae00000,0x00000007a9c00000,0x00000007a9c00000)
  from space 1024K, 15% used [0x00000007a9d00000,0x00000007a9d28000,0x00000007a9e00000)
  to   space 1024K, 0% used [0x00000007a9c00000,0x00000007a9c00000,0x00000007a9d00000)
 ParOldGen       total 260608K, used 113773K [0x00000006c0a00000, 0x00000006d0880000, 0x000000076ae00000)
  object space 260608K, 43% used [0x00000006c0a00000,0x00000006c791b6f8,0x00000006d0880000)
 Metaspace       used 4013K, capacity 4704K, committed 4864K, reserved 1056768K
  class space    used 433K, capacity 464K, committed 512K, reserved 1048576K
Event: 4.289 GC heap after
Heap after GC invocations=55 (full 0):
 PSYoungGen      total 1031168K, used 128K [0x000000076ae00000, 0x00000007a9e00000, 0x00000007c0000000)
  eden space 1030144K, 0% used [0x000000076ae00000,0x000000076ae00000,0x00000007a9c00000)
  from space 1024K, 12% used [0x00000007a9c00000,0x00000007a9c20000,0x00000007a9d00000)
  to   space 1024K, 0% used [0x00000007a9d00000,0x00000007a9d00000,0x00000007a9e00000)
 ParOldGen       total 260608K, used 113773K [0x00000006c0a00000, 0x00000006d0880000, 0x000000076ae00000)
  object space 260608K, 43% used [0x00000006c0a00000,0x00000006c791b6f8,0x00000006d0880000)
 Metaspace       used 4013K, capacity 4704K, committed 4864K, reserved 1056768K
  class space    used 433K, capacity 464K, committed 512K, reserved 1048576K
}
Event: 4.322 GC heap before
{Heap before GC invocations=56 (full 0):
 PSYoungGen      total 1031168K, used 1030272K [0x000000076ae00000, 0x00000007a9e00000, 0x00000007c0000000)
  eden space 1030144K, 100% used [0x000000076ae00000,0x00000007a9c00000,0x00000007a9c00000)
  from space 1024K, 12% used [0x00000007a9c00000,0x00000007a9c20000,0x00000007a9d00000)
  to   space 1024K, 0% used [0x00000007a9d00000,0x00000007a9d00000,0x00000007a9e00000)
 ParOldGen       total 260608K, used 113773K [0x00000006c0a00000, 0x00000006d0880000, 0x000000076ae00000)
  object space 260608K, 43% used [0x00000006c0a00000,0x00000006c791b6f8,0x00000006d0880000)
 Metaspace       used 4013K, capacity 4704K, committed 4864K, reserved 1056768K
  class space    used 433K, capacity 464K, committed 512K, reserved 1048576K
Event: 4.322 GC heap after
Heap after GC invocations=56 (full 0):
 PSYoungGen      total 1031168K, used 128K [0x000000076ae00000, 0x00000007a9e00000, 0x00000007c0000000)
  eden space 1030144K, 0% used [0x000000076ae00000,0x000000076ae00000,0x00000007a9c00000)
  from space 1024K, 12% used [0x00000007a9d00000,0x00000007a9d20000,0x00000007a9e00000)
  to   space 1024K, 0% used [0x00000007a9c00000,0x00000007a9c00000,0x00000007a9d00000)
 ParOldGen       total 260608K, used 113773K [0x00000006c0a00000, 0x00000006d0880000, 0x000000076ae00000)
  object space 260608K, 43% used [0x00000006c0a00000,0x00000006c791b6f8,0x00000006d0880000)
 Metaspace       used 4013K, capacity 4704K, committed 4864K, reserved 1056768K
  class space    used 433K, capacity 464K, committed 512K, reserved 1048576K
}

